<?xml version="1.0" encoding="UTF-8"?>
<testsuite xmlns:xsi="http://www.w3.org/2001/XMLSchema-instance" xsi:noNamespaceSchemaLocation="https://maven.apache.org/surefire/maven-surefire-plugin/xsd/surefire-test-report-3.0.xsd" version="3.0" name="org.mybatis.jpetstore.ScreenTransitionIT" time="21.421" tests="10" errors="0" skipped="0" failures="10">
  <properties>
[...]
</properties>
  <testcase name="testOrder" classname="org.mybatis.jpetstore.ScreenTransitionIT" time="3.189">
    <failure message="&#10;Expecting:&#10; &lt;&quot;&quot;&gt;&#10;to be equal to:&#10; &lt;&quot;JPetStore Demo&quot;&gt;&#10;but was not." type="org.opentest4j.AssertionFailedError"><![CDATA[org.opentest4j.AssertionFailedError: 

Expecting:
 <"">
to be equal to:
 <"JPetStore Demo">
but was not.
	at org.mybatis.jpetstore.ScreenTransitionIT.testOrder(ScreenTransitionIT.java:71)
]]></failure>
    <system-err><![CDATA[Jul 09, 2019 12:16:40 PM com.codeborne.selenide.drivercommands.LazyDriver getAndCheckWebDriver
INFO: No webdriver is bound to current thread: 1 - let's create a new webdriver
SLF4J: Failed to load class "org.slf4j.impl.StaticLoggerBinder".
SLF4J: Defaulting to no-operation (NOP) logger implementation
SLF4J: See http://www.slf4j.org/codes.html#StaticLoggerBinder for further details.
Jul 09, 2019 12:16:41 PM com.codeborne.selenide.webdriver.BrowserResizer adjustBrowserSize
INFO: Set browser size to 1366x768
Jul 09, 2019 12:16:41 PM com.codeborne.selenide.webdriver.WebDriverFactory logBrowserVersion
INFO: BrowserName=htmlunit Version=2.34.1 Platform=WIN10
Jul 09, 2019 12:16:41 PM com.codeborne.selenide.webdriver.WebDriverFactory createWebDriver
INFO: Selenide v. 5.2.2
Jul 09, 2019 12:16:41 PM com.codeborne.selenide.webdriver.WebDriverFactory logSeleniumInfo
INFO: Selenium WebDriver v. 3.141.59 build time: 2018-11-14T08:17:03
Jul 09, 2019 12:16:41 PM com.codeborne.selenide.drivercommands.CreateDriverCommand createDriver
INFO: Create webdriver in current thread 1: HtmlUnitDriver -> org.openqa.selenium.htmlunit.HtmlUnitDriver@4c398c80
]]></system-err>
  </testcase>
  <testcase name="testRegistrationUser" classname="org.mybatis.jpetstore.ScreenTransitionIT" time="2.013">
    <failure message="&#10;Expecting:&#10; &lt;&quot;&quot;&gt;&#10;to be equal to:&#10; &lt;&quot;JPetStore Demo&quot;&gt;&#10;but was not." type="org.opentest4j.AssertionFailedError"><![CDATA[org.opentest4j.AssertionFailedError: 

Expecting:
 <"">
to be equal to:
 <"JPetStore Demo">
but was not.
	at org.mybatis.jpetstore.ScreenTransitionIT.testRegistrationUser(ScreenTransitionIT.java:186)
]]></failure>
  </testcase>
  <testcase name="testLogoContent" classname="org.mybatis.jpetstore.ScreenTransitionIT" time="2.026">
    <failure message="&#10;Expecting:&#10; &lt;&quot;&quot;&gt;&#10;to be equal to:&#10; &lt;&quot;JPetStore Demo&quot;&gt;&#10;but was not." type="org.opentest4j.AssertionFailedError"><![CDATA[org.opentest4j.AssertionFailedError: 

Expecting:
 <"">
to be equal to:
 <"JPetStore Demo">
but was not.
	at org.mybatis.jpetstore.ScreenTransitionIT.testLogoContent(ScreenTransitionIT.java:413)
]]></failure>
  </testcase>
  <testcase name="testSelectItems" classname="org.mybatis.jpetstore.ScreenTransitionIT" time="2.018">
    <failure message="&#10;Expecting:&#10; &lt;&quot;&quot;&gt;&#10;to be equal to:&#10; &lt;&quot;JPetStore Demo&quot;&gt;&#10;but was not." type="org.opentest4j.AssertionFailedError"><![CDATA[org.opentest4j.AssertionFailedError: 

Expecting:
 <"">
to be equal to:
 <"JPetStore Demo">
but was not.
	at org.mybatis.jpetstore.ScreenTransitionIT.testSelectItems(ScreenTransitionIT.java:235)
]]></failure>
  </testcase>
  <testcase name="testUpdateProfile" classname="org.mybatis.jpetstore.ScreenTransitionIT" time="2.029">
    <failure message="&#10;Expecting:&#10; &lt;&quot;&quot;&gt;&#10;to be equal to:&#10; &lt;&quot;JPetStore Demo&quot;&gt;&#10;but was not." type="org.opentest4j.AssertionFailedError"><![CDATA[org.opentest4j.AssertionFailedError: 

Expecting:
 <"">
to be equal to:
 <"JPetStore Demo">
but was not.
	at org.mybatis.jpetstore.ScreenTransitionIT.testUpdateProfile(ScreenTransitionIT.java:156)
]]></failure>
  </testcase>
  <testcase name="testMainImageContentOnTopPage" classname="org.mybatis.jpetstore.ScreenTransitionIT" time="2.023">
    <failure message="&#10;Expecting:&#10; &lt;&quot;&quot;&gt;&#10;to be equal to:&#10; &lt;&quot;JPetStore Demo&quot;&gt;&#10;but was not." type="org.opentest4j.AssertionFailedError"><![CDATA[org.opentest4j.AssertionFailedError: 

Expecting:
 <"">
to be equal to:
 <"JPetStore Demo">
but was not.
	at org.mybatis.jpetstore.ScreenTransitionIT.testMainImageContentOnTopPage(ScreenTransitionIT.java:372)
]]></failure>
  </testcase>
  <testcase name="testQuickLinks" classname="org.mybatis.jpetstore.ScreenTransitionIT" time="2.026">
    <failure message="&#10;Expecting:&#10; &lt;&quot;&quot;&gt;&#10;to be equal to:&#10; &lt;&quot;JPetStore Demo&quot;&gt;&#10;but was not." type="org.opentest4j.AssertionFailedError"><![CDATA[org.opentest4j.AssertionFailedError: 

Expecting:
 <"">
to be equal to:
 <"JPetStore Demo">
but was not.
	at org.mybatis.jpetstore.ScreenTransitionIT.testQuickLinks(ScreenTransitionIT.java:341)
]]></failure>
  </testcase>
  <testcase name="testSidebarContentOnTopPage" classname="org.mybatis.jpetstore.ScreenTransitionIT" time="2.028">
    <failure message="&#10;Expecting:&#10; &lt;&quot;&quot;&gt;&#10;to be equal to:&#10; &lt;&quot;JPetStore Demo&quot;&gt;&#10;but was not." type="org.opentest4j.AssertionFailedError"><![CDATA[org.opentest4j.AssertionFailedError: 

Expecting:
 <"">
to be equal to:
 <"JPetStore Demo">
but was not.
	at org.mybatis.jpetstore.ScreenTransitionIT.testSidebarContentOnTopPage(ScreenTransitionIT.java:305)
]]></failure>
  </testcase>
  <testcase name="testViewCart" classname="org.mybatis.jpetstore.ScreenTransitionIT" time="2.026">
    <failure message="&#10;Expecting:&#10; &lt;&quot;&quot;&gt;&#10;to be equal to:&#10; &lt;&quot;JPetStore Demo&quot;&gt;&#10;but was not." type="org.opentest4j.AssertionFailedError"><![CDATA[org.opentest4j.AssertionFailedError: 

Expecting:
 <"">
to be equal to:
 <"JPetStore Demo">
but was not.
	at org.mybatis.jpetstore.ScreenTransitionIT.testViewCart(ScreenTransitionIT.java:272)
]]></failure>
  </testcase>
  <testcase name="testViewHelp" classname="org.mybatis.jpetstore.ScreenTransitionIT" time="2.027">
    <failure message="&#10;Expecting:&#10; &lt;&quot;&quot;&gt;&#10;to be equal to:&#10; &lt;&quot;JPetStore Demo&quot;&gt;&#10;but was not." type="org.opentest4j.AssertionFailedError"><![CDATA[org.opentest4j.AssertionFailedError: 

Expecting:
 <"">
to be equal to:
 <"JPetStore Demo">
but was not.
	at org.mybatis.jpetstore.ScreenTransitionIT.testViewHelp(ScreenTransitionIT.java:289)
]]></failure>
  </testcase>
</testsuite>